[2025-11-27T16:39:02+00:00] To: pingping644@gmail.com
Subject: You won the auction for "Book"
Hi ggaber,

Congratulations! You won the auction for Book.
Please log in to your account to complete the transaction.

Link: http://localhost/auction1/listing.php?item_id=4

Thank you for using our marketplace.

[2025-11-27T16:40:06+00:00] To: pingping644@gmail.com
Subject: You won the auction for "car"
Hi ggaber,

Congratulations! You won the auction for car.
Please log in to your account to complete the transaction.

Link: http://localhost/auction1/listing.php?item_id=3

Thank you for using our marketplace.

[2025-11-28T02:40:34+00:00] To: pingping644@gmail.com
Subject: Purchase Confirmed: "Pikachu Illustrator PSA 10: The unmatched number 1"
Hi ggaber,

Your purchase has been confirmed!

Item: Pikachu Illustrator PSA 10: The unmatched number 1
Price: £999,999.98

Please log in to arrange payment and delivery.

Link: http://localhost/auction1/listing.php?item_id=5

Thank you for your purchase!

[2025-11-28T02:40:36+00:00] To: abcde@gmail.com
Subject: Item Sold: "Pikachu Illustrator PSA 10: The unmatched number 1"
Hi fffffffffff,

Great news! Your item has been sold via Buy Now!

Item: Pikachu Illustrator PSA 10: The unmatched number 1
Buyer: ggaber
Price: £999,999.98

Please log in to arrange delivery.

Link: http://localhost/auction1/listing.php?item_id=5

Thank you for selling with us!

[2025-11-28T02:40:43+00:00] To: pingping644@gmail.com
Subject: You won the auction for "Pikachu Illustrator PSA 10: The unmatched number 1"
Hi ggaber,

Congratulations! You won the auction for Pikachu Illustrator PSA 10: The unmatched number 1.
Your winning bid: £999,999.98

Please log in to your account to complete the transaction.

Link: http://localhost/auction1/listing.php?item_id=5

Thank you for using our marketplace.

[2025-11-28T02:40:45+00:00] To: abcde@gmail.com
Subject: Your auction "Pikachu Illustrator PSA 10: The unmatched number 1" has ended - Item Sold!
Hi fffffffffff,

Great news! Your auction for Pikachu Illustrator PSA 10: The unmatched number 1 has ended.

Winner: ggaber
Final Price: £999,999.98

Please log in to your account to arrange delivery.

Link: http://localhost/auction1/listing.php?item_id=5

Thank you for using our marketplace.

[2025-11-28T12:52:31+00:00] To: pingping644@gmail.com
Subject: Purchase Confirmed: "vervewrvvewv"
Hi ggaber,

Your purchase has been confirmed!

Item: vervewrvvewv
Price: £111,110.97

Please log in to arrange payment and delivery.

Link: http://localhost/auction1/listing.php?item_id=6

Thank you for your purchase!

[2025-11-28T12:52:33+00:00] To: abcde@gmail.com
Subject: Item Sold: "vervewrvvewv"
Hi fffffffffff,

Great news! Your item has been sold via Buy Now!

Item: vervewrvvewv
Buyer: ggaber
Price: £111,110.97

Please log in to arrange delivery.

Link: http://localhost/auction1/listing.php?item_id=6

Thank you for selling with us!

[2025-11-28T12:52:40+00:00] To: pingping644@gmail.com
Subject: You won the auction for "vervewrvvewv"
Hi ggaber,

Congratulations! You won the auction for vervewrvvewv.
Your winning bid: £111,110.97

Please log in to your account to complete the transaction.

Link: http://localhost/auction1/listing.php?item_id=6

Thank you for using our marketplace.

[2025-11-28T12:52:42+00:00] To: abcde@gmail.com
Subject: Your auction "vervewrvvewv" has ended - Item Sold!
Hi fffffffffff,

Great news! Your auction for vervewrvvewv has ended.

Winner: ggaber
Final Price: £111,110.97

Please log in to your account to arrange delivery.

Link: http://localhost/auction1/listing.php?item_id=6

Thank you for using our marketplace.

[2025-11-28T13:51:10+00:00] To: pingping644@gmail.com
Subject: Purchase Confirmed: "drug"
Hi ggaber,

Your purchase has been confirmed!

Item: drug
Price: £50.00

Please log in to arrange payment and delivery.

Link: http://localhost/auction1/listing.php?item_id=8

Thank you for your purchase!

[2025-11-28T13:51:12+00:00] To: abcde@gmail.com
Subject: Item Sold: "drug"
Hi fffffffffff,

Great news! Your item has been sold via Buy Now!

Item: drug
Buyer: ggaber
Price: £50.00

Please log in to arrange delivery.

Link: http://localhost/auction1/listing.php?item_id=8

Thank you for selling with us!

[2025-11-28T13:51:18+00:00] To: pingping644@gmail.com
Subject: You won the auction for "drug"
Hi ggaber,

Congratulations! You won the auction for drug.
Your winning bid: £50.00

Please log in to your account to complete the transaction.

Link: http://localhost/auction1/listing.php?item_id=8

Thank you for using our marketplace.

[2025-11-28T13:51:20+00:00] To: abcde@gmail.com
Subject: Your auction "drug" has ended - Item Sold!
Hi fffffffffff,

Great news! Your auction for drug has ended.

Winner: ggaber
Final Price: £50.00

Please log in to your account to arrange delivery.

Link: http://localhost/auction1/listing.php?item_id=8

Thank you for using our marketplace.

[2025-11-28T15:45:50+00:00] To: pingping644@gmail.com
Subject: Password Reset Request - DataBid
Hi ggaber,

We received a request to reset your password for your DataBid account.

Click the link below to reset your password:
http://localhost/auction1/reset_password.php?token=5211d8f120283a719cebe2746a851486b209443da9eac38c762c7d0372faf2aa

This link will expire in 1 hour.

If you didn't request this, you can safely ignore this email.

Best regards,
DataBid Team

[2025-11-28T15:45:52+00:00] To: pingping644@gmail.com
Subject: Password Reset Request - DataBid
Hi ggaber,

We received a request to reset your password for your DataBid account.

Click the link below to reset your password:
http://localhost/auction1/reset_password.php?token=ebf868745e1d259c43ef66e6a9d8ae9ca1226e09d7d887d8cfa01d309037c7fb

This link will expire in 1 hour.

If you didn't request this, you can safely ignore this email.

Best regards,
DataBid Team

[2025-11-28T15:58:44+00:00] To: pingping644@gmail.com
Subject: Purchase Confirmed: "vrevb"
Hi ggaber,

Your purchase has been confirmed!

Item: vrevb
Price: £11,111.00

Please log in to arrange payment and delivery.

Link: http://localhost/auction1/listing.php?item_id=9

Thank you for your purchase!

[2025-11-28T15:58:46+00:00] To: abcde@gmail.com
Subject: Item Sold: "vrevb"
Hi fffffffffff,

Great news! Your item has been sold via Buy Now!

Item: vrevb
Buyer: ggaber
Price: £11,111.00

Please log in to arrange delivery.

Link: http://localhost/auction1/listing.php?item_id=9

Thank you for selling with us!

[2025-11-28T15:58:49+00:00] To: pingping644@gmail.com
Subject: You won the auction for "vrevb"
Hi ggaber,

Congratulations! You won the auction for vrevb.
Your winning bid: £11,111.00

Please log in to your account to complete the transaction.

Link: http://localhost/auction1/listing.php?item_id=9

Thank you for using our marketplace.

[2025-11-28T15:58:51+00:00] To: abcde@gmail.com
Subject: Your auction "vrevb" has ended - Item Sold!
Hi fffffffffff,

Great news! Your auction for vrevb has ended.

Winner: ggaber
Final Price: £11,111.00

Please log in to your account to arrange delivery.

Link: http://localhost/auction1/listing.php?item_id=9

Thank you for using our marketplace.

[2025-11-29T17:03:41+00:00] To: abcde@gmail.com
Subject: You won the auction for "bikeee"
Hi fffffffffff,

Congratulations! You won the auction for bikeee.
Your winning bid: £500.00

Please log in to your account to complete the transaction.

Link: http://localhost/auction1/listing.php?item_id=1

Thank you for using our marketplace.

[2025-11-29T17:03:43+00:00] To: abcde@gmail.com
Subject: Your auction "bikeee" has ended - Item Sold!
Hi fffffffffff,

Great news! Your auction for bikeee has ended.

Winner: fffffffffff
Final Price: £500.00

Please log in to your account to arrange delivery.

Link: http://localhost/auction1/listing.php?item_id=1

Thank you for using our marketplace.

[2025-11-29T17:23:37+00:00] To: pingping644@gmail.com
Subject: Purchase Confirmed: "bikeeeeeeeeeeeeee"
Hi ggaber,

Your purchase has been confirmed!

Item: bikeeeeeeeeeeeeee
Price: £1,101,111.00

Please log in to arrange payment and delivery.

Link: http://localhost/auction1/listing.php?item_id=10

Thank you for your purchase!

[2025-11-29T17:23:39+00:00] To: abcde@gmail.com
Subject: Item Sold: "bikeeeeeeeeeeeeee"
Hi fffffffffff,

Great news! Your item has been sold via Buy Now!

Item: bikeeeeeeeeeeeeee
Buyer: ggaber
Price: £1,101,111.00

Please log in to arrange delivery.

Link: http://localhost/auction1/listing.php?item_id=10

Thank you for selling with us!

[2025-11-29T17:23:41+00:00] To: pingping644@gmail.com
Subject: You won the auction for "bikeeeeeeeeeeeeee"
Hi ggaber,

Congratulations! You won the auction for bikeeeeeeeeeeeeee.
Your winning bid: £1,101,111.00

Please log in to your account to complete the transaction.

Link: http://localhost/auction1/listing.php?item_id=10

Thank you for using our marketplace.

[2025-11-29T17:23:43+00:00] To: abcde@gmail.com
Subject: Your auction "bikeeeeeeeeeeeeee" has ended - Item Sold!
Hi fffffffffff,

Great news! Your auction for bikeeeeeeeeeeeeee has ended.

Winner: ggaber
Final Price: £1,101,111.00

Please log in to your account to arrange delivery.

Link: http://localhost/auction1/listing.php?item_id=10

Thank you for using our marketplace.

[2025-11-30T23:58:04+00:00] To: pjpjpj@gmail.com
Subject: Purchase Confirmed: "Porsche 911 GT3 RS"
Hi Suuuuu,

Your purchase has been confirmed!

Item: Porsche 911 GT3 RS
Price: £300,000.00

Please log in to arrange payment and delivery.

Link: http://localhost/auction1/listing.php?item_id=3

Thank you for your purchase!

[2025-11-30T23:58:06+00:00] To: pkpkpk@gmail.com
Subject: Item Sold: "Porsche 911 GT3 RS"
Hi Susu,

Great news! Your item has been sold via Buy Now!

Item: Porsche 911 GT3 RS
Buyer: Suuuuu
Price: £300,000.00

Please log in to arrange delivery.

Link: http://localhost/auction1/listing.php?item_id=3

Thank you for selling with us!

[2025-11-30T23:58:07+00:00] To: pjpjpj@gmail.com
Subject: You won the auction for "Porsche 911 GT3 RS"
Hi Suuuuu,

Congratulations! You won the auction for Porsche 911 GT3 RS.
Your winning bid: £300,000.00

Please log in to your account to complete the transaction.

Link: http://localhost/auction1/listing.php?item_id=3

Thank you for using our marketplace.

[2025-11-30T23:58:08+00:00] To: pkpkpk@gmail.com
Subject: Your auction "Porsche 911 GT3 RS" has ended - Item Sold!
Hi Susu,

Great news! Your auction for Porsche 911 GT3 RS has ended.

Winner: Suuuuu
Final Price: £300,000.00

Please log in to your account to arrange delivery.

Link: http://localhost/auction1/listing.php?item_id=3

Thank you for using our marketplace.

